entering driver loop
initialize pattern1
initialize input streams
attempting 'for line in show_fdb'
loop entered
loop entered
loop entered
loop entered
loop entered
loop entered
loop entered
loop entered
loop entered
loop entered
loop entered
loop entered
loop entered
loop entered
loop entered
loop entered
loop entered
loop entered
loop entered
loop entered
loop entered
loop entered
loop entered
loop entered
loop entered
loop entered
loop entered
loop entered
loop entered
loop entered
loop entered
loop entered
loop entered
loop entered
loop entered
loop entered
loop entered
loop entered
loop entered
loop entered
loop entered
loop entered
loop entered
loop entered
loop entered
loop entered
loop entered
loop entered
loop entered
loop entered
loop entered
loop entered
loop entered
loop entered
loop entered
loop entered
loop entered
loop entered
loop entered
loop entered
loop entered
loop entered
loop entered
loop entered
loop entered
loop entered
loop entered
loop entered
loop entered
loop entered
loop entered
loop entered
loop entered
loop entered
loop entered
loop entered
loop entered
loop entered
loop entered
loop entered
loop entered
loop entered
loop entered
loop entered
loop entered
loop entered
loop entered
loop entered
loop entered
loop entered
loop entered
loop entered
loop entered
loop entered
loop entered
loop entered
loop entered
loop entered
loop entered
loop entered
loop entered
loop entered
loop entered
loop entered
loop entered
loop entered
loop entered
loop entered
loop entered
loop entered
loop entered
loop entered
loop entered
loop entered
loop entered
loop entered
loop entered
loop entered
loop entered
loop entered
loop entered
loop entered
loop entered
loop entered
loop entered
loop entered
loop entered
loop entered
loop entered
loop entered
loop entered
loop entered
loop entered
loop entered
loop entered
loop entered
loop entered
loop entered
loop entered
loop entered
loop entered
loop entered
loop entered
loop entered
loop entered
loop entered
loop entered
loop entered
loop entered
loop entered
loop entered
loop entered
loop entered
loop entered
loop entered
loop entered
loop entered
loop entered
loop entered
loop entered
loop entered
loop entered
loop entered
loop entered
loop entered
loop entered
loop entered
loop entered
loop entered
loop entered
loop entered
loop entered
loop entered
loop entered
loop entered
loop entered
loop entered
loop entered
loop entered
loop entered
loop entered
loop entered
loop entered
loop entered
loop entered
loop entered
loop entered
loop entered
loop entered
loop entered
loop entered
loop entered
loop entered
loop entered
loop entered
loop entered
loop entered
loop entered
loop entered
loop entered
loop entered
loop entered
loop entered
loop entered
loop entered
loop entered
loop entered
loop entered
loop entered
loop entered
loop entered
loop entered
loop entered
loop entered
loop entered
loop entered
loop entered
loop entered
loop entered
loop entered
loop entered
loop entered
loop entered
loop entered
loop entered
loop entered
loop entered
loop entered
loop entered
loop entered
loop entered
loop entered
loop entered
loop entered
loop entered
loop entered
loop entered
loop entered
loop entered
loop entered
loop entered
loop entered
loop entered
loop entered
loop entered
loop entered
loop entered
loop entered
loop entered
loop entered
loop entered
loop entered
loop entered
loop entered
loop entered
loop entered
loop entered
loop entered
loop entered
loop entered
loop entered
loop entered
loop entered
loop entered
loop entered
loop entered
loop entered
loop entered
loop entered
loop entered
loop entered
loop entered
loop entered
loop entered
loop entered
loop entered
loop entered
loop entered
loop entered
loop entered
loop entered
loop entered
loop entered
loop entered
loop entered
loop entered
loop entered
loop entered
loop entered
loop entered
loop entered
loop entered
loop entered
loop entered
loop entered
loop entered
loop entered
loop entered
loop entered
loop entered
loop entered
loop entered
loop entered
loop entered
loop entered
loop entered
loop entered
loop entered
loop entered
loop entered
loop entered
loop entered
loop entered
loop entered
loop entered
loop entered
loop entered
loop entered
loop entered
loop entered
loop entered
loop entered
loop entered
loop entered
loop entered
loop entered
loop entered
loop entered
loop entered
loop entered
loop entered
loop entered
loop entered
loop entered
loop entered
loop entered
loop entered
loop entered
loop entered
loop entered
loop entered
loop entered
loop entered
loop entered
loop entered
loop entered
loop entered
loop entered
loop entered
loop entered
loop entered
loop entered
loop entered
loop entered
loop entered
loop entered
loop entered
loop entered
loop entered
loop entered
loop entered
loop entered
loop entered
loop entered
loop entered
loop entered
loop entered
loop entered
loop entered
loop entered
loop entered
loop entered
loop entered
loop entered
loop entered
loop entered
loop entered
loop entered
loop entered
loop entered
loop entered
loop entered
loop entered
loop entered
loop entered
loop entered
loop entered
loop entered
loop entered
loop entered
loop entered
loop entered
loop entered
loop entered
loop entered
loop entered
loop entered
loop entered
loop entered
loop entered
loop entered
loop entered
loop entered
loop entered
loop entered
loop entered
loop entered
loop entered
loop entered
loop entered
loop entered
loop entered
loop entered
loop entered
loop entered
loop entered
loop entered
loop entered
loop entered
loop entered
loop entered
loop entered
loop entered
loop entered
loop entered
loop entered
loop entered
loop entered
loop entered
loop entered
loop entered
loop entered
loop entered
loop entered
loop entered
loop entered
loop entered
loop entered
loop entered
loop entered
loop entered
loop entered
loop entered
loop entered
loop entered
loop entered
loop entered
loop entered
loop entered
loop entered
loop entered
loop entered
loop entered
loop entered
loop entered
loop entered
loop entered
loop entered
loop entered
loop entered
loop entered
loop entered
loop entered
loop entered
loop entered
loop entered
loop entered
loop entered
loop entered
loop entered
loop entered
loop entered
loop entered
loop entered
loop entered
loop entered
loop entered
loop entered
loop entered
loop entered
loop entered
loop entered
loop entered
loop entered
loop entered
loop entered
loop entered
loop entered
loop entered
loop entered
loop entered
loop entered
loop entered
loop entered
loop entered
loop entered
loop entered
loop entered
loop entered
loop entered
loop entered
loop entered
loop entered
loop entered
loop entered
loop entered
loop entered
loop entered
loop entered
loop entered
loop entered
loop entered
loop entered
loop entered
loop entered
loop entered
loop entered
loop entered
loop entered
loop entered
loop entered
loop entered
loop entered
loop entered
loop entered
loop entered
loop entered
loop entered
loop entered
loop entered
loop entered
loop entered
loop entered
loop entered
loop entered
loop entered
loop entered
loop entered
loop entered
loop entered
loop entered
loop entered
loop entered
loop entered
loop entered
loop entered
loop entered
loop entered
loop entered
loop entered
loop entered
loop entered
loop entered
loop entered
loop entered
loop entered
loop entered
loop entered
loop entered
loop entered
loop entered
loop entered
loop entered
loop entered
loop entered
loop entered
loop entered
loop entered
loop entered
loop entered
loop entered
loop entered
loop entered
loop entered
loop entered
loop entered
loop entered
loop entered
loop entered
loop entered
loop entered
loop entered
loop entered
loop entered
loop entered
loop entered
loop entered
loop entered
loop entered
loop entered
loop entered
loop entered
loop entered
loop entered
loop entered
loop entered
loop entered
loop entered
loop entered
loop entered
loop entered
loop entered
loop entered
loop entered
loop entered
loop entered
loop entered
loop entered
loop entered
loop entered
loop entered
loop entered
loop entered
loop entered
loop entered
loop entered
loop entered
loop entered
loop entered
loop entered
loop entered
loop entered
loop entered
loop entered
loop entered
loop entered
loop entered
loop entered
loop entered
loop entered
loop entered
loop entered
loop entered
loop entered
loop entered
loop entered
loop entered
loop entered
loop entered
loop entered
loop entered
loop entered
loop entered
loop entered
loop entered
loop entered
loop entered
loop entered
loop entered
loop entered
loop entered
loop entered
loop entered
loop entered
loop entered
loop entered
loop entered
loop entered
loop entered
loop entered
loop entered
loop entered
loop entered
loop entered
loop entered
loop entered
loop entered
loop entered
loop entered
loop entered
loop entered
loop entered
loop entered
loop entered
loop entered
loop entered
loop entered
loop entered
loop entered
loop entered
loop entered
loop entered
loop entered
loop entered
loop entered
loop entered
loop entered
loop entered
loop entered
loop entered
loop entered
loop entered
loop entered
loop entered
loop entered
loop entered
loop entered
loop entered
loop entered
loop entered
loop entered
loop entered
loop entered
loop entered
loop entered
loop entered
loop entered
loop entered
loop entered
loop entered
loop entered
loop entered
loop entered
loop entered
loop entered
loop entered
loop entered
loop entered
loop entered
loop entered
loop entered
loop entered
loop entered
loop entered
loop entered
loop entered
loop entered
loop entered
loop entered
loop entered
loop entered
loop entered
loop entered
loop entered
loop entered
loop entered
loop entered
loop entered
loop entered
loop entered
loop entered
loop entered
loop entered
loop entered
loop entered
loop entered
loop entered
loop entered
loop entered
loop entered
loop entered
loop entered
loop entered
loop entered
loop entered
loop entered
loop entered
loop entered
loop entered
loop entered
loop entered
loop entered
loop entered
loop entered
loop entered
loop entered
loop entered
loop entered
loop entered
loop entered
loop entered
loop entered
loop entered
loop entered
loop entered
loop entered
loop entered
loop entered
loop entered
loop entered
loop entered
loop entered
loop entered
loop entered
loop entered
loop entered
loop entered
loop entered
loop entered
loop entered
loop entered
loop entered
loop entered
loop entered
loop entered
loop entered
loop entered
loop entered
loop entered
loop entered
loop entered
loop entered
loop entered
loop entered
loop entered
loop entered
loop entered
loop entered
loop entered
loop entered
loop entered
loop entered
loop entered
loop entered
loop entered
loop entered
loop entered
loop entered
loop entered
loop entered
loop entered
loop entered
closing fdb_file
attempting Create 2d array
opening device data file
attempting to enter 'while i < len(devicelistInitial)'
closing device data file

print contents of 2d array
--------------------

prompt user for OUI
Enter an OUI: 
c8
add entries with matching OUIs to new array
display the new array
logic for creating list of uplink ports
Enter the uplink ports which will be excluded from the configuration process. Enter q to finish entering ports.

q

removing uplink ports from the list
('Final list size is', 0)

Enter the name of the vlan you want to assign to these devices.

Vlan Name: sean
tagged/untagged: untagged
attempting to config
---------------
------DONE-----
---------------
Would you like to configure another vlan?
(y/n)n
Goodbye

* Slot-1 Stack.3 # 