=~=~=~=~=~=~=~=~=~=~=~= PuTTY log 2023.05.22 12:54:46 =~=~=~=~=~=~=~=~=~=~=~=
[KSlot-1 Stack.1 # cat /usr/local/ext/fdb_output_bk.txt [J

MAC                                      VLAN Name( Tag)  Age  Flags          Port / Virtual Port List
------------------------------------------------------------------------------------------------------
00:10:49:06:da:69                          Default(0001) 0009  d m            1:40
00:10:49:06:da:68                          Default(0001) 0009  d m            1:55
00:10:49:06:da:67                          Default(0001) 0009  d m            1:30
00:10:49:06:da:66                          Default(0001) 0009  d m            1:32
00:10:49:06:da:65                          Default(0001) 0009  d m            1:34
00:10:49:06:da:64                          Default(0001) 0009  d m            1:36
d8:c7:c8:c4:45:7d                          Default(0001) 0043  d m            1:33
d8:c7:c8:c4:45:7c                          Default(0001) 0043  d m            2:55
d8:c7:c8:c4:45:77                           MyVlan(0002) 0044  d m            2:66
00:10:49:d4:e3:22                           MyVlan(0002) 0044  d m            2:32

Flags : d - Dynamic, s - Static, p - Permanent, n - NetLogin, m - MAC, i - IP,
        x - IPX, l - lockdown MAC, L - lockdown-timeout MAC, M- Mirror, B - Egress Blackhole,
        b - Ingress Blackhole, v - MAC-Based VLAN, P - Private VLAN, T - VLAN translation,
        D - drop packet, h - Hardware Aging (Age=0), o - IEEE 802.1ah Backbone MAC,
        S - Software Controlled Deletion, r - MSRP,
        X - VXLAN, E - EVPN

Total: 2 Static: 0  Perm: 0  Dyn: 2  Dropped: 0  Locked: 0  Locked with Timeout: 0
FDB Aging time: 300
Slot-1 Stack.3 # quit